<?xml version="1.0" encoding="UTF-8"?>
<testng-results ignored="0" total="1" passed="0" failed="1" skipped="0">
  <reporter-output>
    <line>
      <![CDATA[ ]]>
    </line>
    <line>
      <![CDATA[<B><font color = 'BLUE'>  Test_PrivecyandSecurity  -</font>.]]>
    </line>
    <line>
      <![CDATA[TitlePrivacy and security]]>
    </line>
    <line>
      <![CDATA[div]]>
    </line>
    <line>
      <![CDATA[<br><img src='C:\Users\GLB-BLR-015\eclipse-workspace\PowerDAO\screenshots\verify_PrivecyandSecurity20230502_174140.png  'height ='250' width='250' /><br>]]>
    </line>
    <line>
      <![CDATA[<a href=\C:\Users\GLB-BLR-015\eclipse-workspace\PowerDAO\screenshots\verify_PrivecyandSecurity20230502_174140.png><img src=C:\Users\GLB-BLR-015\eclipse-workspace\PowerDAO\screenshots\verify_PrivecyandSecurity20230502_174140.png  height ='250'  width='250'/> </a>]]>
    </line>
  </reporter-output>
  <suite started-at="2023-05-02T17:39:34 IST" name="Default suite" finished-at="2023-05-02T17:41:40 IST" duration-ms="126630">
    <groups>
    </groups>
    <test started-at="2023-05-02T17:39:34 IST" name="Default test" finished-at="2023-05-02T17:41:40 IST" duration-ms="126630">
      <class name="com.power.settingstestcases.TC01">
        <test-method is-config="true" signature="beforeSuite()[pri:0, instance:com.power.settingstestcases.TC01@5d43661b]" started-at="2023-05-02T17:39:34 IST" name="beforeSuite" finished-at="2023-05-02T17:39:34 IST" duration-ms="224" status="PASS">
          <reporter-output>
          </reporter-output>
        </test-method> <!-- beforeSuite -->
        <test-method is-config="true" signature="initialization()[pri:0, instance:com.power.settingstestcases.TC01@5d43661b]" started-at="2023-05-02T17:39:34 IST" name="initialization" finished-at="2023-05-02T17:40:55 IST" duration-ms="81436" status="PASS">
          <reporter-output>
          </reporter-output>
        </test-method> <!-- initialization -->
        <test-method signature="verify_PrivecyandSecurity()[pri:0, instance:com.power.settingstestcases.TC01@5d43661b]" started-at="2023-05-02T17:40:56 IST" name="verify_PrivecyandSecurity" finished-at="2023-05-02T17:41:39 IST" duration-ms="43272" status="FAIL">
          <exception class="org.openqa.selenium.JavascriptException">
            <message>
              <![CDATA[javascript error: arguments[0].click is not a function
  (Session info: chrome=112.0.5615.138)
Build info: version: '4.6.0', revision: '79f1c02ae20'
System info: os.name: 'Windows 10', os.arch: 'amd64', os.version: '10.0', java.version: '17.0.6'
Driver info: org.openqa.selenium.chrome.ChromeDriver
Command: [6f5e22f2628d2436325c2ec8e3d33f3c, executeScript {script=arguments[0].click();, args=[{ELEMENT=6587c519-6127-49ae-a166-e1c0d0c37d5f, element-6066-11e4-a52e-4f735466cecf=6587c519-6127-49ae-a166-e1c0d0c37d5f}]}]
Capabilities {acceptInsecureCerts: false, browserName: chrome, browserVersion: 112.0.5615.138, chrome: {chromedriverVersion: 112.0.5615.49 (bd2a7bcb881c..., userDataDir: C:\Users\GLB-BL~1\AppData\L...}, goog:chromeOptions: {debuggerAddress: localhost:50156}, networkConnectionEnabled: false, pageLoadStrategy: normal, platformName: WINDOWS, proxy: Proxy(), se:cdp: ws://localhost:50156/devtoo..., se:cdpVersion: 112.0.5615.138, setWindowRect: true, strictFileInteractability: false, timeouts: {implicit: 0, pageLoad: 300000, script: 30000}, unhandledPromptBehavior: dismiss and notify, webauthn:extension:credBlob: true, webauthn:extension:largeBlob: true, webauthn:extension:minPinLength: true, webauthn:extension:prf: true, webauthn:virtualAuthenticators: true}
Session ID: 6f5e22f2628d2436325c2ec8e3d33f3c]]>
            </message>
            <full-stacktrace>
              <![CDATA[org.openqa.selenium.JavascriptException: javascript error: arguments[0].click is not a function
  (Session info: chrome=112.0.5615.138)
Build info: version: '4.6.0', revision: '79f1c02ae20'
System info: os.name: 'Windows 10', os.arch: 'amd64', os.version: '10.0', java.version: '17.0.6'
Driver info: org.openqa.selenium.chrome.ChromeDriver
Command: [6f5e22f2628d2436325c2ec8e3d33f3c, executeScript {script=arguments[0].click();, args=[{ELEMENT=6587c519-6127-49ae-a166-e1c0d0c37d5f, element-6066-11e4-a52e-4f735466cecf=6587c519-6127-49ae-a166-e1c0d0c37d5f}]}]
Capabilities {acceptInsecureCerts: false, browserName: chrome, browserVersion: 112.0.5615.138, chrome: {chromedriverVersion: 112.0.5615.49 (bd2a7bcb881c..., userDataDir: C:\Users\GLB-BL~1\AppData\L...}, goog:chromeOptions: {debuggerAddress: localhost:50156}, networkConnectionEnabled: false, pageLoadStrategy: normal, platformName: WINDOWS, proxy: Proxy(), se:cdp: ws://localhost:50156/devtoo..., se:cdpVersion: 112.0.5615.138, setWindowRect: true, strictFileInteractability: false, timeouts: {implicit: 0, pageLoad: 300000, script: 30000}, unhandledPromptBehavior: dismiss and notify, webauthn:extension:credBlob: true, webauthn:extension:largeBlob: true, webauthn:extension:minPinLength: true, webauthn:extension:prf: true, webauthn:virtualAuthenticators: true}
Session ID: 6f5e22f2628d2436325c2ec8e3d33f3c
at java.base/jdk.internal.reflect.NativeConstructorAccessorImpl.newInstance0(Native Method)
at java.base/jdk.internal.reflect.NativeConstructorAccessorImpl.newInstance(NativeConstructorAccessorImpl.java:77)
at java.base/jdk.internal.reflect.DelegatingConstructorAccessorImpl.newInstance(DelegatingConstructorAccessorImpl.java:45)
at java.base/java.lang.reflect.Constructor.newInstanceWithCaller(Constructor.java:499)
at java.base/java.lang.reflect.Constructor.newInstance(Constructor.java:480)
at org.openqa.selenium.remote.codec.w3c.W3CHttpResponseCodec.createException(W3CHttpResponseCodec.java:200)
at org.openqa.selenium.remote.codec.w3c.W3CHttpResponseCodec.decode(W3CHttpResponseCodec.java:133)
at org.openqa.selenium.remote.codec.w3c.W3CHttpResponseCodec.decode(W3CHttpResponseCodec.java:53)
at org.openqa.selenium.remote.HttpCommandExecutor.execute(HttpCommandExecutor.java:184)
at org.openqa.selenium.remote.service.DriverCommandExecutor.invokeExecute(DriverCommandExecutor.java:167)
at org.openqa.selenium.remote.service.DriverCommandExecutor.execute(DriverCommandExecutor.java:142)
at org.openqa.selenium.remote.RemoteWebDriver.execute(RemoteWebDriver.java:541)
at org.openqa.selenium.remote.RemoteWebDriver.executeScript(RemoteWebDriver.java:478)
at com.power.qa.settings.PrivecyandSecurity.Test_PrivecyandSecurity(PrivecyandSecurity.java:70)
at com.power.settingstestcases.TC01.verify_PrivecyandSecurity(TC01.java:24)
at java.base/jdk.internal.reflect.NativeMethodAccessorImpl.invoke0(Native Method)
at java.base/jdk.internal.reflect.NativeMethodAccessorImpl.invoke(NativeMethodAccessorImpl.java:77)
at java.base/jdk.internal.reflect.DelegatingMethodAccessorImpl.invoke(DelegatingMethodAccessorImpl.java:43)
at java.base/java.lang.reflect.Method.invoke(Method.java:568)
at org.testng.internal.invokers.MethodInvocationHelper.invokeMethod(MethodInvocationHelper.java:139)
at org.testng.internal.invokers.TestInvoker.invokeMethod(TestInvoker.java:677)
at org.testng.internal.invokers.TestInvoker.invokeTestMethod(TestInvoker.java:221)
at org.testng.internal.invokers.MethodRunner.runInSequence(MethodRunner.java:50)
at org.testng.internal.invokers.TestInvoker$MethodInvocationAgent.invoke(TestInvoker.java:962)
at org.testng.internal.invokers.TestInvoker.invokeTestMethods(TestInvoker.java:194)
at org.testng.internal.invokers.TestMethodWorker.invokeTestMethods(TestMethodWorker.java:148)
at org.testng.internal.invokers.TestMethodWorker.run(TestMethodWorker.java:128)
at java.base/java.util.ArrayList.forEach(ArrayList.java:1511)
at org.testng.TestRunner.privateRun(TestRunner.java:806)
at org.testng.TestRunner.run(TestRunner.java:601)
at org.testng.SuiteRunner.runTest(SuiteRunner.java:433)
at org.testng.SuiteRunner.runSequentially(SuiteRunner.java:427)
at org.testng.SuiteRunner.privateRun(SuiteRunner.java:387)
at org.testng.SuiteRunner.run(SuiteRunner.java:330)
at org.testng.SuiteRunnerWorker.runSuite(SuiteRunnerWorker.java:52)
at org.testng.SuiteRunnerWorker.run(SuiteRunnerWorker.java:95)
at org.testng.TestNG.runSuitesSequentially(TestNG.java:1256)
at org.testng.TestNG.runSuitesLocally(TestNG.java:1176)
at org.testng.TestNG.runSuites(TestNG.java:1099)
at org.testng.TestNG.run(TestNG.java:1067)
at org.testng.remote.AbstractRemoteTestNG.run(AbstractRemoteTestNG.java:115)
at org.testng.remote.RemoteTestNG.initAndRun(RemoteTestNG.java:251)
at org.testng.remote.RemoteTestNG.main(RemoteTestNG.java:77)
]]>
            </full-stacktrace>
          </exception> <!-- org.openqa.selenium.JavascriptException -->
          <reporter-output>
            <line>
              <![CDATA[ ]]>
            </line>
            <line>
              <![CDATA[<B><font color = 'BLUE'>  Test_PrivecyandSecurity  -</font>.]]>
            </line>
            <line>
              <![CDATA[TitlePrivacy and security]]>
            </line>
            <line>
              <![CDATA[div]]>
            </line>
          </reporter-output>
        </test-method> <!-- verify_PrivecyandSecurity -->
        <test-method is-config="true" signature="tearDown(org.testng.ITestResult)[pri:0, instance:com.power.settingstestcases.TC01@5d43661b]" started-at="2023-05-02T17:41:39 IST" name="tearDown" finished-at="2023-05-02T17:41:40 IST" duration-ms="1172" status="PASS">
          <params>
            <param index="0">
              <value>
                <![CDATA[[TestResult name=verify_PrivecyandSecurity status=FAILURE method=TC01.verify_PrivecyandSecurity()[pri:0, instance:com.power.settingstestcases.TC01@5d43661b]]]]>
              </value>
            </param>
          </params>
          <reporter-output>
            <line>
              <![CDATA[<br><img src='C:\Users\GLB-BLR-015\eclipse-workspace\PowerDAO\screenshots\verify_PrivecyandSecurity20230502_174140.png  'height ='250' width='250' /><br>]]>
            </line>
            <line>
              <![CDATA[<a href=\C:\Users\GLB-BLR-015\eclipse-workspace\PowerDAO\screenshots\verify_PrivecyandSecurity20230502_174140.png><img src=C:\Users\GLB-BLR-015\eclipse-workspace\PowerDAO\screenshots\verify_PrivecyandSecurity20230502_174140.png  height ='250'  width='250'/> </a>]]>
            </line>
          </reporter-output>
        </test-method> <!-- tearDown -->
        <test-method is-config="true" signature="closeBrowser()[pri:0, instance:com.power.settingstestcases.TC01@5d43661b]" started-at="2023-05-02T17:41:43 IST" name="closeBrowser" finished-at="2023-05-02T17:41:53 IST" duration-ms="10917" status="PASS">
          <reporter-output>
          </reporter-output>
        </test-method> <!-- closeBrowser -->
      </class> <!-- com.power.settingstestcases.TC01 -->
    </test> <!-- Default test -->
  </suite> <!-- Default suite -->
</testng-results>
